This is pdfTeX, Version 3.141592653-2.6-1.40.24 (MiKTeX 21.12) (preloaded format=pdflatex 2022.5.12)  19 SEP 2022 09:37
entering extended mode
 restricted \write18 enabled.
 file:line:error style messages enabled.
 %&-line parsing enabled.
**"c:/Users/latm_/Desktop/Luis_Angel_Torres_Martinez/Maestria Robotica/Manufactura_2/Tareas/Tarea 1/main.tex"
(c:/Users/latm_/Desktop/Luis_Angel_Torres_Martinez/Maestria Robotica/Manufactura_2/Tareas/Tarea 1/main.tex
LaTeX2e <2021-11-15> patch level 1
L3 programming layer <2021-11-22> (C:\Users\latm_\AppData\Local\Programs\MiKTeX\tex/latex/base\article.cls
Document Class: article 2021/10/04 v1.4n Standard LaTeX document class
(C:\Users\latm_\AppData\Local\Programs\MiKTeX\tex/latex/base\size10.clo
File: size10.clo 2021/10/04 v1.4n Standard LaTeX file (size option)
)
\c@part=\count183
\c@section=\count184
\c@subsection=\count185
\c@subsubsection=\count186
\c@paragraph=\count187
\c@subparagraph=\count188
\c@figure=\count189
\c@table=\count190
\abovecaptionskip=\skip47
\belowcaptionskip=\skip48
\bibindent=\dimen138
) (Preambulo.tex (C:\Users\latm_\AppData\Local\Programs\MiKTeX\tex/generic/babel\babel.sty
Package: babel 2021/11/29 3.67 The Babel package
\babel@savecnt=\count191
\U@D=\dimen139
\l@unhyphenated=\language79
 (C:\Users\latm_\AppData\Local\Programs\MiKTeX\tex/generic/babel\txtbabel.def)
\bbl@readstream=\read2
\bbl@dirlevel=\count192

*************************************
* Local config file bblopts.cfg used
*
(C:\Users\latm_\AppData\Local\Programs\MiKTeX\tex/latex/arabi\bblopts.cfg
File: bblopts.cfg 2005/09/08 v0.1 add Arabic and Farsi to "declared" options of babel
) (C:\Users\latm_\AppData\Local\Programs\MiKTeX\tex/latex/babel-spanish\spanish.ldf
Language: spanish.ldf 2021/05/27 v5.0q Spanish support from the babel system
\es@quottoks=\toks16
\es@quotdepth=\count193
Package babel Info: Making " an active character on input line 570.
Package babel Info: Making . an active character on input line 675.
Package babel Info: Making < an active character on input line 722.
Package babel Info: Making > an active character on input line 722.
)) (C:\Users\latm_\AppData\Local\Programs\MiKTeX\tex/latex/base\inputenc.sty
Package: inputenc 2021/02/14 v1.3d Input encoding file
\inpenc@prehook=\toks17
\inpenc@posthook=\toks18
) (C:\Users\latm_\AppData\Local\Programs\MiKTeX\tex/latex/amsmath\amsmath.sty
Package: amsmath 2021/10/15 v2.17l AMS math features
\@mathmargin=\skip49

For additional information on amsmath, use the `?' option.
(C:\Users\latm_\AppData\Local\Programs\MiKTeX\tex/latex/amsmath\amstext.sty
Package: amstext 2021/08/26 v2.01 AMS text
 (C:\Users\latm_\AppData\Local\Programs\MiKTeX\tex/latex/amsmath\amsgen.sty
File: amsgen.sty 1999/11/30 v2.0 generic functions
\@emptytoks=\toks19
\ex@=\dimen140
)) (C:\Users\latm_\AppData\Local\Programs\MiKTeX\tex/latex/amsmath\amsbsy.sty
Package: amsbsy 1999/11/29 v1.2d Bold Symbols
\pmbraise@=\dimen141
) (C:\Users\latm_\AppData\Local\Programs\MiKTeX\tex/latex/amsmath\amsopn.sty
Package: amsopn 2021/08/26 v2.02 operator names
)
\inf@bad=\count194
LaTeX Info: Redefining \frac on input line 234.
\uproot@=\count195
\leftroot@=\count196
LaTeX Info: Redefining \overline on input line 399.
\classnum@=\count197
\DOTSCASE@=\count198
LaTeX Info: Redefining \ldots on input line 496.
LaTeX Info: Redefining \dots on input line 499.
LaTeX Info: Redefining \cdots on input line 620.
\Mathstrutbox@=\box50
\strutbox@=\box51
\big@size=\dimen142
LaTeX Font Info:    Redeclaring font encoding OML on input line 743.
LaTeX Font Info:    Redeclaring font encoding OMS on input line 744.
\macc@depth=\count199
\c@MaxMatrixCols=\count266
\dotsspace@=\muskip16
\c@parentequation=\count267
\dspbrk@lvl=\count268
\tag@help=\toks20
\row@=\count269
\column@=\count270
\maxfields@=\count271
\andhelp@=\toks21
\eqnshift@=\dimen143
\alignsep@=\dimen144
\tagshift@=\dimen145
\tagwidth@=\dimen146
\totwidth@=\dimen147
\lineht@=\dimen148
\@envbody=\toks22
\multlinegap=\skip50
\multlinetaggap=\skip51
\mathdisplay@stack=\toks23
LaTeX Info: Redefining \[ on input line 2938.
LaTeX Info: Redefining \] on input line 2939.
) (C:\Users\latm_\AppData\Local\Programs\MiKTeX\tex/latex/amsfonts\amssymb.sty
Package: amssymb 2013/01/14 v3.01 AMS font symbols
 (C:\Users\latm_\AppData\Local\Programs\MiKTeX\tex/latex/amsfonts\amsfonts.sty
Package: amsfonts 2013/01/14 v3.01 Basic AMSFonts support
\symAMSa=\mathgroup4
\symAMSb=\mathgroup5
LaTeX Font Info:    Redeclaring math symbol \hbar on input line 98.
LaTeX Font Info:    Overwriting math alphabet `\mathfrak' in version `bold'
(Font)                  U/euf/m/n --> U/euf/b/n on input line 106.
)) (C:\Users\latm_\AppData\Local\Programs\MiKTeX\tex/latex/graphics\graphicx.sty
Package: graphicx 2021/09/16 v1.2d Enhanced LaTeX Graphics (DPC,SPQR)
 (C:\Users\latm_\AppData\Local\Programs\MiKTeX\tex/latex/graphics\keyval.sty
Package: keyval 2014/10/28 v1.15 key=value parser (DPC)
\KV@toks@=\toks24
) (C:\Users\latm_\AppData\Local\Programs\MiKTeX\tex/latex/graphics\graphics.sty
Package: graphics 2021/03/04 v1.4d Standard LaTeX Graphics (DPC,SPQR)
 (C:\Users\latm_\AppData\Local\Programs\MiKTeX\tex/latex/graphics\trig.sty
Package: trig 2021/08/11 v1.11 sin cos tan (DPC)
) (C:\Users\latm_\AppData\Local\Programs\MiKTeX\tex/latex/graphics-cfg\graphics.cfg
File: graphics.cfg 2016/06/04 v1.11 sample graphics configuration
)
Package graphics Info: Driver file: pdftex.def on input line 107.
 (C:\Users\latm_\AppData\Local\Programs\MiKTeX\tex/latex/graphics-def\pdftex.def
File: pdftex.def 2020/10/05 v1.2a Graphics/color driver for pdftex
))
\Gin@req@height=\dimen149
\Gin@req@width=\dimen150
) (C:\Users\latm_\AppData\Local\Programs\MiKTeX\tex/latex/graphics\color.sty
Package: color 2021/10/11 v1.3b Standard LaTeX Color (DPC)
 (C:\Users\latm_\AppData\Local\Programs\MiKTeX\tex/latex/graphics-cfg\color.cfg
File: color.cfg 2016/01/02 v1.6 sample color configuration
)
Package color Info: Driver file: pdftex.def on input line 149.
) (C:\Users\latm_\AppData\Local\Programs\MiKTeX\tex/latex/subfigure\subfigure.sty
Package: subfigure 2002/07/30 v2.1.4 subfigure package
\subfigtopskip=\skip52
\subfigcapskip=\skip53
\subfigcaptopadj=\dimen151
\subfigbottomskip=\skip54
\subfigcapmargin=\dimen152
\subfiglabelskip=\skip55
\c@subfigure=\count272
\c@lofdepth=\count273
\c@subtable=\count274
\c@lotdepth=\count275

****************************************
* Local config file subfigure.cfg used *
****************************************
(C:\Users\latm_\AppData\Local\Programs\MiKTeX\tex/latex/subfigure\subfigure.cfg)
\subfig@top=\skip56
\subfig@bottom=\skip57
) (C:\Users\latm_\AppData\Local\Programs\MiKTeX\tex/latex/float\float.sty
Package: float 2001/11/08 v1.3d Float enhancements (AL)
\c@float@type=\count276
\float@exts=\toks25
\float@box=\box52
\@float@everytoks=\toks26
\@floatcapt=\box53
) (C:\Users\latm_\AppData\Local\Programs\MiKTeX\tex/latex/capt-of\capt-of.sty
Package: capt-of 2009/12/29 v0.2 standard captions outside of floats
) (C:\Users\latm_\AppData\Local\Programs\MiKTeX\tex/latex/sidecap\sidecap.sty
Package: sidecap 2003/06/06 v1.6f SideCap Package (RN/HjG)
 (C:\Users\latm_\AppData\Local\Programs\MiKTeX\tex/latex/base\ifthen.sty
Package: ifthen 2020/11/24 v1.1c Standard LaTeX ifthen package (DPC)
)
\SC@BOXWD=\dimen153
\SC@CAPWD=\dimen154
\SC@tempdima=\dimen155
\SC@tempdimb=\dimen156
\c@SC@C=\count277
\SC@BOX=\box54
) (C:\Users\latm_\AppData\Local\Programs\MiKTeX\tex/latex/caption\caption.sty
Package: caption 2022/03/01 v3.6b Customizing captions (AR)
 (C:\Users\latm_\AppData\Local\Programs\MiKTeX\tex/latex/caption\caption3.sty
Package: caption3 2022/03/17 v2.3b caption3 kernel (AR)
\caption@tempdima=\dimen157
\captionmargin=\dimen158
\caption@leftmargin=\dimen159
\caption@rightmargin=\dimen160
\caption@width=\dimen161
\caption@indent=\dimen162
\caption@parindent=\dimen163
\caption@hangindent=\dimen164
Package caption Info: Standard document class detected.
)
\c@caption@flags=\count278
\c@continuedfloat=\count279
Package caption Info: float package is loaded.
Package caption Info: sidecap package is loaded.
Package caption Info: subfigure package is loaded.
) (C:\Users\latm_\AppData\Local\Programs\MiKTeX\tex/latex/commath\commath.sty) (C:\Users\latm_\AppData\Local\Programs\MiKTeX\tex/latex/cancel\cancel.sty
Package: cancel 2013/04/12 v2.2 Cancel math terms
) (C:\Users\latm_\AppData\Local\Programs\MiKTeX\tex/latex/anysize\anysize.sty
Package: anysize 1994/08/13 setting margin sizes

document style option `anysize' loaded
Michael Salzenberg, Thomas Esser, Dirk Hillbrecht
Version 1.0, Aug 13, 1994
\@Leftmargin=\dimen165
\@Rightmargin=\dimen166
\@Topmargin=\dimen167
\@Bottommargin=\dimen168
) (C:\Users\latm_\AppData\Local\Programs\MiKTeX\tex/latex/setspace\setspace.sty
Package: setspace 2011/12/19 v6.7a set line spacing
) (C:\Users\latm_\AppData\Local\Programs\MiKTeX\tex/latex/appendix\appendix.sty
Package: appendix 2020/02/08 v1.2c extra appendix facilities
\c@@pps=\count280
\c@@ppsavesec=\count281
\c@@ppsaveapp=\count282
) (C:\Users\latm_\AppData\Local\Programs\MiKTeX\tex/latex/hyperref\hyperref.sty
Package: hyperref 2021-06-07 v7.00m Hypertext links for LaTeX
 (C:\Users\latm_\AppData\Local\Programs\MiKTeX\tex/generic/ltxcmds\ltxcmds.sty
Package: ltxcmds 2020-05-10 v1.25 LaTeX kernel commands for general use (HO)
) (C:\Users\latm_\AppData\Local\Programs\MiKTeX\tex/generic/iftex\iftex.sty
Package: iftex 2020/03/06 v1.0d TeX engine tests
) (C:\Users\latm_\AppData\Local\Programs\MiKTeX\tex/generic/pdftexcmds\pdftexcmds.sty
Package: pdftexcmds 2020-06-27 v0.33 Utility functions of pdfTeX for LuaTeX (HO)
 (C:\Users\latm_\AppData\Local\Programs\MiKTeX\tex/generic/infwarerr\infwarerr.sty
Package: infwarerr 2019/12/03 v1.5 Providing info/warning/error messages (HO)
)
Package pdftexcmds Info: \pdf@primitive is available.
Package pdftexcmds Info: \pdf@ifprimitive is available.
Package pdftexcmds Info: \pdfdraftmode found.
) (C:\Users\latm_\AppData\Local\Programs\MiKTeX\tex/generic/kvsetkeys\kvsetkeys.sty
Package: kvsetkeys 2019/12/15 v1.18 Key value parser (HO)
) (C:\Users\latm_\AppData\Local\Programs\MiKTeX\tex/generic/kvdefinekeys\kvdefinekeys.sty
Package: kvdefinekeys 2019-12-19 v1.6 Define keys (HO)
) (C:\Users\latm_\AppData\Local\Programs\MiKTeX\tex/generic/pdfescape\pdfescape.sty
Package: pdfescape 2019/12/09 v1.15 Implements pdfTeX's escape features (HO)
) (C:\Users\latm_\AppData\Local\Programs\MiKTeX\tex/latex/hycolor\hycolor.sty
Package: hycolor 2020-01-27 v1.10 Color options for hyperref/bookmark (HO)
) (C:\Users\latm_\AppData\Local\Programs\MiKTeX\tex/latex/letltxmacro\letltxmacro.sty
Package: letltxmacro 2019/12/03 v1.6 Let assignment for LaTeX macros (HO)
) (C:\Users\latm_\AppData\Local\Programs\MiKTeX\tex/latex/auxhook\auxhook.sty
Package: auxhook 2019-12-17 v1.6 Hooks for auxiliary files (HO)
) (C:\Users\latm_\AppData\Local\Programs\MiKTeX\tex/latex/kvoptions\kvoptions.sty
Package: kvoptions 2020-10-07 v3.14 Key value format for package options (HO)
)
\@linkdim=\dimen169
\Hy@linkcounter=\count283
\Hy@pagecounter=\count284
 (C:\Users\latm_\AppData\Local\Programs\MiKTeX\tex/latex/hyperref\pd1enc.def
File: pd1enc.def 2021-06-07 v7.00m Hyperref: PDFDocEncoding definition (HO)
Now handling font encoding PD1 ...
... no UTF-8 mapping file for font encoding PD1
) (C:\Users\latm_\AppData\Local\Programs\MiKTeX\tex/latex/hyperref\hyperref-langpatches.def
File: hyperref-langpatches.def 2021-06-07 v7.00m Hyperref: patches for babel languages
) (C:\Users\latm_\AppData\Local\Programs\MiKTeX\tex/generic/intcalc\intcalc.sty
Package: intcalc 2019/12/15 v1.3 Expandable calculations with integers (HO)
) (C:\Users\latm_\AppData\Local\Programs\MiKTeX\tex/generic/etexcmds\etexcmds.sty
Package: etexcmds 2019/12/15 v1.7 Avoid name clashes with e-TeX commands (HO)
)
\Hy@SavedSpaceFactor=\count285
 (C:\Users\latm_\AppData\Local\Programs\MiKTeX\tex/latex/hyperref\puenc.def
File: puenc.def 2021-06-07 v7.00m Hyperref: PDF Unicode definition (HO)
Now handling font encoding PU ...
... no UTF-8 mapping file for font encoding PU
)
Package hyperref Info: Option `colorlinks' set `true' on input line 4073.
Package hyperref Info: Option `plainpages' set `true' on input line 4073.
Package hyperref Info: Hyper figures OFF on input line 4192.
Package hyperref Info: Link nesting OFF on input line 4197.
Package hyperref Info: Hyper index ON on input line 4200.
Package hyperref Info: Plain pages ON on input line 4205.
Package hyperref Info: Backreferencing OFF on input line 4212.
Package hyperref Info: Implicit mode ON; LaTeX internals redefined.
Package hyperref Info: Bookmarks ON on input line 4445.
\c@Hy@tempcnt=\count286
 (C:\Users\latm_\AppData\Local\Programs\MiKTeX\tex/latex/url\url.sty
\Urlmuskip=\muskip17
Package: url 2013/09/16  ver 3.4  Verb mode for urls, etc.
)
LaTeX Info: Redefining \url on input line 4804.
\XeTeXLinkMargin=\dimen170
 (C:\Users\latm_\AppData\Local\Programs\MiKTeX\tex/generic/bitset\bitset.sty
Package: bitset 2019/12/09 v1.3 Handle bit-vector datatype (HO)
 (C:\Users\latm_\AppData\Local\Programs\MiKTeX\tex/generic/bigintcalc\bigintcalc.sty
Package: bigintcalc 2019/12/15 v1.5 Expandable calculations on big integers (HO)
))
\Fld@menulength=\count287
\Field@Width=\dimen171
\Fld@charsize=\dimen172
Package hyperref Info: Hyper figures OFF on input line 6076.
Package hyperref Info: Link nesting OFF on input line 6081.
Package hyperref Info: Hyper index ON on input line 6084.
Package hyperref Info: backreferencing OFF on input line 6091.
Package hyperref Info: Link coloring ON on input line 6094.
Package hyperref Info: Link coloring with OCG OFF on input line 6101.
Package hyperref Info: PDF/A mode OFF on input line 6106.
LaTeX Info: Redefining \ref on input line 6146.
LaTeX Info: Redefining \pageref on input line 6150.
 (C:\Users\latm_\AppData\Local\Programs\MiKTeX\tex/latex/base\atbegshi-ltx.sty
Package: atbegshi-ltx 2021/01/10 v1.0c Emulation of the original atbegshi
package with kernel methods
)
\Hy@abspage=\count288
\c@Item=\count289
\c@Hfootnote=\count290
)
Package hyperref Info: Driver (autodetected): hpdftex.
 (C:\Users\latm_\AppData\Local\Programs\MiKTeX\tex/latex/hyperref\hpdftex.def
File: hpdftex.def 2021-06-07 v7.00m Hyperref driver for pdfTeX
 (C:\Users\latm_\AppData\Local\Programs\MiKTeX\tex/latex/base\atveryend-ltx.sty
Package: atveryend-ltx 2020/08/19 v1.0a Emulation of the original atveryend package
with kernel methods
)
\Fld@listcount=\count291
\c@bookmark@seq@number=\count292
 (C:\Users\latm_\AppData\Local\Programs\MiKTeX\tex/latex/rerunfilecheck\rerunfilecheck.sty
Package: rerunfilecheck 2019/12/05 v1.9 Rerun checks for auxiliary files (HO)
 (C:\Users\latm_\AppData\Local\Programs\MiKTeX\tex/generic/uniquecounter\uniquecounter.sty
Package: uniquecounter 2019/12/15 v1.4 Provide unlimited unique counter (HO)
)
Package uniquecounter Info: New unique counter `rerunfilecheck' on input line 286.
)
\Hy@SectionHShift=\skip58
) (C:\Users\latm_\AppData\Local\Programs\MiKTeX\tex/latex/fancyhdr\fancyhdr.sty
Package: fancyhdr 2021/01/28 v4.0.1 Extensive control of page headers and footers
\f@nch@headwidth=\skip59
\f@nch@O@elh=\skip60
\f@nch@O@erh=\skip61
\f@nch@O@olh=\skip62
\f@nch@O@orh=\skip63
\f@nch@O@elf=\skip64
\f@nch@O@erf=\skip65
\f@nch@O@olf=\skip66
\f@nch@O@orf=\skip67
) (C:\Users\latm_\AppData\Local\Programs\MiKTeX\tex/latex/listings\listings.sty
\lst@mode=\count293
\lst@gtempboxa=\box55
\lst@token=\toks27
\lst@length=\count294
\lst@currlwidth=\dimen173
\lst@column=\count295
\lst@pos=\count296
\lst@lostspace=\dimen174
\lst@width=\dimen175
\lst@newlines=\count297
\lst@lineno=\count298
\lst@maxwidth=\dimen176
 (C:\Users\latm_\AppData\Local\Programs\MiKTeX\tex/latex/listings\lstmisc.sty
File: lstmisc.sty 2020/03/24 1.8d (Carsten Heinz)
\c@lstnumber=\count299
\lst@skipnumbers=\count300
\lst@framebox=\box56
) (C:\Users\latm_\AppData\Local\Programs\MiKTeX\tex/latex/listings\listings.cfg
File: listings.cfg 2020/03/24 1.8d listings configuration
))
Package: listings 2020/03/24 1.8d (Carsten Heinz)
 (C:\Users\latm_\AppData\Local\Programs\MiKTeX\tex/latex/listings\lstlang1.sty
File: lstlang1.sty 2020/03/24 1.8d listings language file
)) (C:\Users\latm_\AppData\Local\Programs\MiKTeX\tex/latex/l3backend\l3backend-pdftex.def
File: l3backend-pdftex.def 2021-10-18 L3 backend support: PDF output (pdfTeX)
\l__color_backend_stack_int=\count301
\l__pdf_internal_box=\box57
) (c:\Users\latm_\Desktop\Luis_Angel_Torres_Martinez\Maestria Robotica\Manufactura_2\Tareas\Tarea 1\build\main.aux
LaTeX Info: Redefining \. on input line 25.
LaTeX Info: Redefining \% on input line 25.
)
\openout1 = `main.aux'.

LaTeX Font Info:    Checking defaults for OML/cmm/m/it on input line 9.
LaTeX Font Info:    ... okay on input line 9.
LaTeX Font Info:    Checking defaults for OMS/cmsy/m/n on input line 9.
LaTeX Font Info:    ... okay on input line 9.
LaTeX Font Info:    Checking defaults for OT1/cmr/m/n on input line 9.
LaTeX Font Info:    ... okay on input line 9.
LaTeX Font Info:    Checking defaults for T1/cmr/m/n on input line 9.
LaTeX Font Info:    ... okay on input line 9.
LaTeX Font Info:    Checking defaults for TS1/cmr/m/n on input line 9.
LaTeX Font Info:    ... okay on input line 9.
LaTeX Font Info:    Checking defaults for OMX/cmex/m/n on input line 9.
LaTeX Font Info:    ... okay on input line 9.
LaTeX Font Info:    Checking defaults for U/cmr/m/n on input line 9.
LaTeX Font Info:    ... okay on input line 9.
LaTeX Font Info:    Checking defaults for PD1/pdf/m/n on input line 9.
LaTeX Font Info:    ... okay on input line 9.
LaTeX Font Info:    Checking defaults for PU/pdf/m/n on input line 9.
LaTeX Font Info:    ... okay on input line 9.
LaTeX Info: Redefining \. on input line 9.
LaTeX Info: Redefining \% on input line 9.
 (C:\Users\latm_\AppData\Local\Programs\MiKTeX\tex/context/base/mkii\supp-pdf.mkii
[Loading MPS to PDF converter (version 2006.09.02).]
\scratchcounter=\count302
\scratchdimen=\dimen177
\scratchbox=\box58
\nofMPsegments=\count303
\nofMParguments=\count304
\everyMPshowfont=\toks28
\MPscratchCnt=\count305
\MPscratchDim=\dimen178
\MPnumerator=\count306
\makeMPintoPDFobject=\count307
\everyMPtoPDFconversion=\toks29
) (C:\Users\latm_\AppData\Local\Programs\MiKTeX\tex/latex/epstopdf-pkg\epstopdf-base.sty
Package: epstopdf-base 2020-01-24 v2.11 Base part for package epstopdf
Package epstopdf-base Info: Redefining graphics rule for `.eps' on input line 485.
 (C:\Users\latm_\AppData\Local\Programs\MiKTeX\tex/latex/00miktex\epstopdf-sys.cfg
File: epstopdf-sys.cfg 2021/03/18 v2.0 Configuration of epstopdf for MiKTeX
)) (C:\Users\latm_\AppData\Local\Programs\MiKTeX\tex/latex/ragged2e\ragged2e.sty
Package: ragged2e 2021/02/05 v3.0 ragged2e Package
\CenteringLeftskip=\skip68
\RaggedLeftLeftskip=\skip69
\RaggedRightLeftskip=\skip70
\CenteringRightskip=\skip71
\RaggedLeftRightskip=\skip72
\RaggedRightRightskip=\skip73
\CenteringParfillskip=\skip74
\RaggedLeftParfillskip=\skip75
\RaggedRightParfillskip=\skip76
\JustifyingParfillskip=\skip77
\CenteringParindent=\skip78
\RaggedLeftParindent=\skip79
\RaggedRightParindent=\skip80
\JustifyingParindent=\skip81
)
Package caption Info: Begin \AtBeginDocument code.
Package caption Info: hyperref package is loaded.
Package caption Info: listings package is loaded.
Package caption Info: End \AtBeginDocument code.
Package hyperref Info: Link coloring ON on input line 9.
 (C:\Users\latm_\AppData\Local\Programs\MiKTeX\tex/latex/hyperref\nameref.sty
Package: nameref 2021-04-02 v2.47 Cross-referencing by name of section
 (C:\Users\latm_\AppData\Local\Programs\MiKTeX\tex/latex/refcount\refcount.sty
Package: refcount 2019/12/15 v3.6 Data extraction from label references (HO)
) (C:\Users\latm_\AppData\Local\Programs\MiKTeX\tex/generic/gettitlestring\gettitlestring.sty
Package: gettitlestring 2019/12/15 v1.6 Cleanup title references (HO)
)
\c@section@level=\count308
)
LaTeX Info: Redefining \ref on input line 9.
LaTeX Info: Redefining \pageref on input line 9.
LaTeX Info: Redefining \nameref on input line 9.
 (c:\Users\latm_\Desktop\Luis_Angel_Torres_Martinez\Maestria Robotica\Manufactura_2\Tareas\Tarea 1\build\main.out) (c:\Users\latm_\Desktop\Luis_Angel_Torres_Martinez\Maestria Robotica\Manufactura_2\Tareas\Tarea 1\build\main.out)
\@outlinefile=\write3
\openout3 = `main.out'.

\c@lstlisting=\count309
 (Secciones/Portada.tex
<../imagenes//Logo_Cinves.png, id=19, 426.84468pt x 538.26094pt>
File: ../imagenes//Logo_Cinves.png Graphic file (type png)
<use ../imagenes//Logo_Cinves.png>
Package pdftex.def Info: ../imagenes//Logo_Cinves.png  used on input line 11.
(pdftex.def)             Requested size: 149.39787pt x 188.39415pt.
LaTeX Font Info:    Trying to load font information for U+msa on input line 20.
 (C:\Users\latm_\AppData\Local\Programs\MiKTeX\tex/latex/amsfonts\umsa.fd
File: umsa.fd 2013/01/14 v3.01 AMS symbols A
)
LaTeX Font Info:    Trying to load font information for U+msb on input line 20.
 (C:\Users\latm_\AppData\Local\Programs\MiKTeX\tex/latex/amsfonts\umsb.fd
File: umsb.fd 2013/01/14 v3.01 AMS symbols B
))
File: ../imagenes//Logo_Cinves.png Graphic file (type png)
<use ../imagenes//Logo_Cinves.png>
Package pdftex.def Info: ../imagenes//Logo_Cinves.png  used on input line 13.
(pdftex.def)             Requested size: 32.01196pt x 40.36783pt.
 [1{C:/Users/latm_/AppData/Local/MiKTeX/fonts/map/pdftex/pdftex.map}

 <c:/Users/latm_/Desktop/Luis_Angel_Torres_Martinez/Maestria Robotica/Manufactura_2/Tareas/Tarea 1/imagenes/Logo_Cinves.png>] (c:\Users\latm_\Desktop\Luis_Angel_Torres_Martinez\Maestria Robotica\Manufactura_2\Tareas\Tarea 1\build\main.toc
LaTeX Info: Redefining \. on input line 1.
LaTeX Info: Redefining \% on input line 1.
)
\tf@toc=\write4
\openout4 = `main.toc'.

File: ../imagenes//Logo_Cinves.png Graphic file (type png)
<use ../imagenes//Logo_Cinves.png>
Package pdftex.def Info: ../imagenes//Logo_Cinves.png  used on input line 17.
(pdftex.def)             Requested size: 32.01196pt x 40.36783pt.
 [2] (Secciones/Desarrollo.tex)
File: ../imagenes//Logo_Cinves.png Graphic file (type png)
<use ../imagenes//Logo_Cinves.png>
Package pdftex.def Info: ../imagenes//Logo_Cinves.png  used on input line 49.
(pdftex.def)             Requested size: 32.01196pt x 40.36783pt.
 [3] (c:\Users\latm_\Desktop\Luis_Angel_Torres_Martinez\Maestria Robotica\Manufactura_2\Tareas\Tarea 1\build\main.aux
LaTeX Info: Redefining \. on input line 25.
LaTeX Info: Redefining \% on input line 25.
)
Package rerunfilecheck Info: File `main.out' has not changed.
(rerunfilecheck)             Checksum: 96CA0068116E6C1360586B1C90F4DD93;781.
 ) 
Here is how much of TeX's memory you used:
 14378 strings out of 478659
 233935 string characters out of 2845920
 718706 words of memory out of 3000000
 32255 multiletter control sequences out of 15000+600000
 409161 words of font info for 48 fonts, out of 8000000 for 9000
 1141 hyphenation exceptions out of 8191
 65i,16n,66p,541b,374s stack positions out of 5000i,500n,10000p,200000b,80000s
<C:/Users/latm_/AppData/Local/Programs/MiKTeX/fonts/type1/public/amsfonts/cm/cmbx10.pfb><C:/Users/latm_/AppData/Local/Programs/MiKTeX/fonts/type1/public/amsfonts/cm/cmbx12.pfb><C:/Users/latm_/AppData/Local/Programs/MiKTeX/fonts/type1/public/amsfonts/cm/cmbxti10.pfb><C:/Users/latm_/AppData/Local/Programs/MiKTeX/fonts/type1/public/amsfonts/cm/cmcsc10.pfb><C:/Users/latm_/AppData/Local/Programs/MiKTeX/fonts/type1/public/amsfonts/cm/cmr10.pfb><C:/Users/latm_/AppData/Local/Programs/MiKTeX/fonts/type1/public/amsfonts/cm/cmr12.pfb><C:/Users/latm_/AppData/Local/Programs/MiKTeX/fonts/type1/public/amsfonts/cm/cmr8.pfb><C:/Users/latm_/AppData/Local/Programs/MiKTeX/fonts/type1/public/amsfonts/cm/cmti12.pfb>
Output written on "c:\Users\latm_\Desktop\Luis_Angel_Torres_Martinez\Maestria Robotica\Manufactura_2\Tareas\Tarea 1\build\main.pdf" (3 pages, 165512 bytes).
PDF statistics:
 84 PDF objects out of 1000 (max. 8388607)
 9 named destinations out of 1000 (max. 500000)
 38 words of extra memory for PDF output out of 10000 (max. 10000000)

